2025-08-15 19:58:22 INFO  LoginTest:26 - Browser selected is - chorme
2025-08-15 20:03:04 INFO  LoginTest:26 - Browser selected is - chorme
2025-08-15 20:03:20 INFO  LoginTest:26 - Browser selected is - chorme
2025-08-15 20:04:38 INFO  LoginTest:26 - Browser selected is - chrome
2025-08-15 20:09:57 INFO  LoginTest:27 - Browser selected is - chrome
2025-08-15 20:13:52 INFO  LoginTest:27 - Browser selected is - chrome
2025-08-15 20:14:14 INFO  LoginTest:27 - Browser selected is - chrome
2025-08-15 20:14:45 INFO  LoginTest:27 - Browser selected is - chrome
2025-08-15 20:14:59 INFO  TestListner:57 - Test Class Finish Test
2025-08-15 20:16:55 INFO  LoginTest:27 - Browser selected is - chrome
2025-08-15 20:17:01 INFO  TestListner:57 - Test Class Finish Default test
2025-08-15 20:18:34 INFO  LoginTest:27 - Browser selected is - chrome
2025-08-15 20:18:39 INFO  TestListner:62 - Test Class Finish Default test
2025-08-15 21:06:40 INFO  LoginTest:27 - Browser selected is - chrome
2025-08-15 21:06:47 INFO  TestListner:62 - Test Class Finish Test
2025-08-15 21:08:03 INFO  LoginTest:27 - Browser selected is - chrome
2025-08-15 21:08:09 INFO  TestListner:63 - Test Class Finish Test
2025-08-15 21:10:05 INFO  LoginTest:27 - Browser selected is - chrome
2025-08-15 21:10:11 INFO  TestListner:63 - Test Class Finish Test
2025-08-15 21:18:39 INFO  LoginTest:27 - Browser selected is - chrome
2025-08-15 21:18:45 INFO  TestListner:65 - Test Class Finish Test
2025-08-15 21:19:37 INFO  LoginTest:27 - Browser selected is - chrome
2025-08-15 21:19:42 INFO  TestListner:65 - Test Class Finish Test
2025-08-15 21:20:34 INFO  LoginTest:27 - Browser selected is - chrome
2025-08-15 21:20:39 INFO  TestListner:26 - Test Method Started userLogin
2025-08-15 21:20:39 ERROR TestListner:36 - Test Method Failure userLogin
2025-08-15 21:20:39 INFO  TestListner:65 - Test Class Finish Test
2025-08-15 21:21:10 INFO  LoginTest:27 - Browser selected is - chrome
2025-08-15 21:21:15 INFO  TestListner:26 - Test Method Started userLogin
2025-08-15 21:21:47 INFO  LoginTest:27 - Browser selected is - chrome
2025-08-15 21:21:53 INFO  TestListner:26 - Test Method Started userLogin
2025-08-15 21:21:53 ERROR TestListner:36 - Test Method Failure userLogin
2025-08-15 21:21:53 INFO  TestListner:65 - Test Class Finish Test
2025-08-15 21:25:02 INFO  LoginTest:28 - Browser selected is - chrome
2025-08-15 21:25:07 INFO  TestListner:26 - Test Method Started userLogin
2025-08-15 21:25:07 ERROR TestListner:36 - Test Method Failure userLogin
2025-08-15 21:25:07 INFO  TestListner:65 - Test Class Finish Test
2025-08-15 21:25:22 INFO  LoginTest:28 - Browser selected is - chrome
2025-08-15 21:25:40 INFO  TestListner:26 - Test Method Started userLogin
2025-08-15 21:25:46 INFO  TestListner:31 - Test Method Success userLogin
2025-08-15 21:25:50 INFO  TestListner:65 - Test Class Finish Test
2025-08-15 21:30:53 INFO  LoginTest:28 - Browser selected is - chrome
2025-08-15 21:30:57 INFO  TestListner:26 - Test Method Started userLogin
2025-08-15 21:30:59 INFO  TestListner:31 - Test Method Success userLogin
2025-08-15 21:31:00 INFO  TestListner:65 - Test Class Finish Test
2025-08-15 21:31:41 INFO  LoginTest:28 - Browser selected is - chrome
2025-08-15 21:31:46 INFO  TestListner:26 - Test Method Started userLogin
2025-08-15 21:31:48 INFO  TestListner:31 - Test Method Success userLogin
2025-08-15 21:31:48 INFO  TestListner:65 - Test Class Finish Test
2025-08-15 22:30:35 INFO  LoginTest:30 - Browser selected is - chrome
2025-08-15 22:30:43 INFO  TestListner:26 - Test Method Started userLogin
2025-08-15 22:30:43 INFO  TestListner:31 - Test Method Success userLogin
2025-08-15 22:30:43 INFO  TestListner:65 - Test Class Finish Test
2025-08-15 22:34:01 INFO  LoginTest:30 - Browser selected is - chrome
2025-08-15 22:34:08 INFO  TestListner:26 - Test Method Started userLogin
2025-08-15 22:34:08 INFO  TestListner:31 - Test Method Success userLogin
2025-08-15 22:34:08 INFO  TestListner:65 - Test Class Finish Test
2025-08-15 22:36:45 INFO  LoginTest:30 - Browser selected is - chrome
2025-08-15 22:36:51 INFO  TestListner:26 - Test Method Started userLogin
2025-08-15 22:36:51 INFO  TestListner:31 - Test Method Success userLogin
2025-08-15 22:36:52 INFO  TestListner:65 - Test Class Finish Test
2025-08-15 22:42:56 INFO  LoginTest:30 - Browser selected is - chrome
2025-08-15 22:43:04 INFO  TestListner:26 - Test Method Started userLogin
2025-08-15 22:43:04 INFO  TestListner:31 - Test Method Success userLogin
2025-08-15 22:43:04 INFO  TestListner:65 - Test Class Finish Test
2025-08-15 22:49:55 INFO  LoginTest:30 - Browser selected is - chrome
2025-08-15 22:50:03 INFO  TestListner:26 - Test Method Started userLogin
2025-08-15 22:50:03 INFO  TestListner:31 - Test Method Success userLogin
2025-08-15 22:50:03 INFO  TestListner:65 - Test Class Finish Test
2025-08-15 22:58:40 INFO  LoginTest:30 - Browser selected is - chrome
2025-08-15 22:58:48 INFO  TestListner:26 - Test Method Started userLogin
2025-08-15 22:58:48 INFO  TestListner:31 - Test Method Success userLogin
2025-08-15 22:58:48 INFO  TestListner:65 - Test Class Finish Test
2025-08-15 23:09:49 INFO  LoginTest:30 - Browser selected is - chrome
2025-08-15 23:09:57 INFO  TestListner:26 - Test Method Started userLogin
2025-08-15 23:09:57 INFO  TestListner:31 - Test Method Success userLogin
2025-08-15 23:09:57 INFO  TestListner:65 - Test Class Finish Test
2025-08-15 23:10:22 INFO  LoginTest:30 - Browser selected is - chrome
2025-08-15 23:10:30 INFO  TestListner:26 - Test Method Started userLogin
2025-08-15 23:10:30 INFO  TestListner:31 - Test Method Success userLogin
2025-08-15 23:10:30 INFO  TestListner:65 - Test Class Finish Test
2025-08-15 23:12:38 INFO  LoginTest:30 - Browser selected is - chrome
2025-08-15 23:12:47 INFO  TestListner:26 - Test Method Started userLogin
2025-08-15 23:12:47 INFO  TestListner:31 - Test Method Success userLogin
2025-08-15 23:12:47 INFO  TestListner:65 - Test Class Finish Test
2025-08-15 23:15:06 INFO  LoginTest:30 - Browser selected is - chrome
2025-08-15 23:15:13 INFO  TestListner:26 - Test Method Started userLogin
2025-08-15 23:15:13 INFO  TestListner:31 - Test Method Success userLogin
2025-08-15 23:15:13 INFO  TestListner:65 - Test Class Finish Test
2025-08-15 23:18:40 INFO  LoginTest:30 - Browser selected is - chrome
2025-08-15 23:18:47 INFO  TestListner:26 - Test Method Started userLogin
2025-08-15 23:18:47 INFO  TestListner:31 - Test Method Success userLogin
2025-08-15 23:18:48 INFO  TestListner:65 - Test Class Finish Test
2025-08-15 23:20:55 INFO  LoginTest:30 - Browser selected is - chrome
2025-08-15 23:21:02 INFO  TestListner:26 - Test Method Started userLogin
2025-08-15 23:21:02 INFO  TestListner:31 - Test Method Success userLogin
2025-08-15 23:21:02 INFO  TestListner:65 - Test Class Finish Test
2025-08-15 23:31:02 INFO  LoginTest:30 - Browser selected is - chrome
2025-08-15 23:31:11 INFO  TestListner:26 - Test Method Started userLogin
2025-08-15 23:31:11 INFO  TestListner:31 - Test Method Success userLogin
2025-08-15 23:31:11 INFO  TestListner:65 - Test Class Finish Test
2025-08-15 23:34:01 INFO  LoginTest:30 - Browser selected is - chrome
2025-08-15 23:34:31 INFO  LoginTest:30 - Browser selected is - chrome
2025-08-15 23:34:55 INFO  TestListner:26 - Test Method Started userLogin
2025-08-15 23:34:55 WARN  TestListner:61 - Test Method Skipped userLogin
2025-08-15 23:34:55 INFO  TestListner:65 - Test Class Finish Test
2025-08-15 23:35:42 INFO  LoginTest:30 - Browser selected is - chrome
2025-08-15 23:35:50 INFO  TestListner:26 - Test Method Started userLogin
2025-08-15 23:35:50 INFO  TestListner:31 - Test Method Success userLogin
2025-08-15 23:35:50 INFO  TestListner:65 - Test Class Finish Test
2025-08-15 23:38:59 INFO  LoginTest:30 - Browser selected is - chrome
2025-08-15 23:39:05 INFO  TestListner:26 - Test Method Started userLogin
2025-08-15 23:39:05 INFO  TestListner:31 - Test Method Success userLogin
2025-08-15 23:39:05 INFO  TestListner:65 - Test Class Finish Test
2025-08-15 23:41:16 INFO  LoginTest:30 - Browser selected is - chrome
2025-08-15 23:41:24 INFO  TestListner:26 - Test Method Started userLogin
2025-08-15 23:41:24 INFO  TestListner:31 - Test Method Success userLogin
2025-08-15 23:41:24 INFO  TestListner:65 - Test Class Finish Test
2025-08-15 23:44:55 INFO  LoginTest:30 - Browser selected is - chrome
2025-08-15 23:45:01 INFO  TestListner:26 - Test Method Started userLogin
2025-08-15 23:45:01 INFO  TestListner:31 - Test Method Success userLogin
2025-08-15 23:45:02 INFO  TestListner:65 - Test Class Finish Test
2025-08-15 23:46:38 INFO  LoginTest:30 - Browser selected is - chrome
2025-08-15 23:46:46 INFO  TestListner:26 - Test Method Started userLogin
2025-08-15 23:46:46 INFO  TestListner:31 - Test Method Success userLogin
2025-08-15 23:46:46 INFO  TestListner:65 - Test Class Finish Test
2025-08-15 23:49:51 INFO  LoginTest:30 - Browser selected is - chrome
2025-08-15 23:49:58 INFO  TestListner:26 - Test Method Started userLogin
2025-08-15 23:49:58 INFO  TestListner:31 - Test Method Success userLogin
2025-08-15 23:49:58 INFO  TestListner:65 - Test Class Finish Test
2025-08-15 23:55:54 INFO  LoginTest:30 - Browser selected is - chrome
2025-08-15 23:56:01 INFO  TestListner:26 - Test Method Started userLogin
2025-08-15 23:56:01 INFO  TestListner:31 - Test Method Success userLogin
2025-08-15 23:56:01 INFO  TestListner:65 - Test Class Finish Test
2025-08-15 23:59:06 INFO  LoginTest:30 - Browser selected is - chrome
2025-08-15 23:59:15 INFO  TestListner:26 - Test Method Started userLogin
2025-08-15 23:59:15 INFO  TestListner:31 - Test Method Success userLogin
2025-08-15 23:59:15 INFO  TestListner:65 - Test Class Finish Test
2025-08-16 00:00:11 INFO  LoginTest:30 - Browser selected is - chrome
2025-08-16 00:00:18 INFO  TestListner:26 - Test Method Started userLogin
2025-08-16 00:00:19 INFO  TestListner:31 - Test Method Success userLogin
2025-08-16 00:00:19 INFO  TestListner:65 - Test Class Finish Test
2025-08-16 00:02:33 INFO  LoginTest:30 - Browser selected is - chrome
2025-08-16 00:02:40 INFO  TestListner:26 - Test Method Started userLogin
2025-08-16 00:02:40 ERROR TestListner:36 - Test Method Failure userLogin
2025-08-16 00:02:41 INFO  TestListner:65 - Test Class Finish Test
2025-08-16 00:06:15 INFO  LoginTest:30 - Browser selected is - chrome
2025-08-16 00:06:22 INFO  TestListner:26 - Test Method Started userLogin
2025-08-16 00:06:22 ERROR TestListner:36 - Test Method Failure userLogin
2025-08-16 00:06:23 INFO  TestListner:65 - Test Class Finish Test
2025-08-16 00:06:45 INFO  LoginTest:30 - Browser selected is - chrome
2025-08-16 00:06:53 INFO  TestListner:26 - Test Method Started userLogin
2025-08-16 00:07:18 INFO  LoginTest:30 - Browser selected is - chrome
2025-08-16 00:07:25 INFO  TestListner:26 - Test Method Started userLogin
2025-08-16 00:07:25 WARN  TestListner:61 - Test Method Skipped userLogin
2025-08-16 00:07:31 INFO  TestListner:26 - Test Method Started userLogin
2025-08-16 00:07:31 WARN  TestListner:61 - Test Method Skipped userLogin
2025-08-16 00:07:37 INFO  TestListner:26 - Test Method Started userLogin
2025-08-16 00:07:37 ERROR TestListner:36 - Test Method Failure userLogin
2025-08-16 00:07:37 INFO  TestListner:65 - Test Class Finish Test
2025-08-16 00:08:07 INFO  LoginTest:30 - Browser selected is - chrome
2025-08-16 00:08:14 INFO  TestListner:26 - Test Method Started userLogin
2025-08-16 00:08:14 WARN  TestListner:61 - Test Method Skipped userLogin
2025-08-16 00:08:21 INFO  TestListner:26 - Test Method Started userLogin
2025-08-16 00:08:21 WARN  TestListner:61 - Test Method Skipped userLogin
2025-08-16 00:08:27 INFO  TestListner:26 - Test Method Started userLogin
2025-08-16 00:08:27 ERROR TestListner:36 - Test Method Failure userLogin
2025-08-16 00:08:27 INFO  TestListner:65 - Test Class Finish Test
2025-08-16 00:09:19 INFO  LoginTest:30 - Browser selected is - chrome
2025-08-16 00:09:25 INFO  TestListner:26 - Test Method Started userLogin
2025-08-16 00:09:30 WARN  TestListner:61 - Test Method Skipped userLogin
2025-08-16 00:09:40 INFO  TestListner:26 - Test Method Started userLogin
2025-08-16 00:09:44 WARN  TestListner:61 - Test Method Skipped userLogin
2025-08-16 00:09:55 INFO  TestListner:26 - Test Method Started userLogin
2025-08-16 00:09:59 ERROR TestListner:36 - Test Method Failure userLogin
2025-08-16 00:10:25 INFO  TestListner:65 - Test Class Finish Test
2025-08-16 00:22:54 INFO  LoginTest:30 - Browser selected is - chrome
2025-08-16 00:23:08 ERROR TestListner:36 - Test Method Failure userLogin
2025-08-16 00:23:08 ERROR TestListner:46 - ExtentTest not found for null
2025-08-16 00:23:08 ERROR TestListner:36 - Test Method Failure userLogin
2025-08-16 00:23:08 INFO  TestListner:65 - Test Class Finish Test
2025-08-16 00:23:43 INFO  LoginTest:30 - Browser selected is - chrome
2025-08-16 00:24:27 ERROR TestListner:36 - Test Method Failure userLogin
2025-08-16 00:24:53 ERROR TestListner:46 - ExtentTest not found for null
2025-08-16 00:25:24 ERROR TestListner:36 - Test Method Failure userLogin
2025-08-16 00:25:35 INFO  TestListner:65 - Test Class Finish Test
2025-08-16 09:16:16 INFO  LoginTest:30 - Browser selected is - chrome
2025-08-16 09:16:57 ERROR TestListener:34 - Test Method Failure userLogin
2025-08-16 09:16:59 ERROR TestListener:51 - ExtentTest not found for null
2025-08-16 09:17:05 ERROR TestListener:34 - Test Method Failure userLogin
2025-08-16 09:17:05 INFO  TestListener:64 - Test Class Finish Test
2025-08-16 09:19:24 INFO  LoginTest:30 - Browser selected is - chrome
2025-08-16 09:19:37 INFO  TestListener:24 - Test Method Started userLogin
2025-08-16 09:19:38 WARN  TestListener:60 - Test Method Skipped userLogin
2025-08-16 09:19:51 INFO  TestListener:24 - Test Method Started userLogin
2025-08-16 09:19:51 ERROR TestListener:34 - Test Method Failure userLogin
2025-08-16 09:19:53 INFO  TestListener:64 - Test Class Finish Test
2025-08-16 09:21:58 INFO  LoginTest:30 - Browser selected is - chrome
2025-08-16 09:22:07 INFO  TestListener:24 - Test Method Started userLogin
2025-08-16 09:22:07 WARN  TestListener:60 - Test Method Skipped userLogin
2025-08-16 09:22:14 INFO  TestListener:24 - Test Method Started userLogin
2025-08-16 09:22:14 ERROR TestListener:34 - Test Method Failure userLogin
2025-08-16 09:22:15 INFO  TestListener:64 - Test Class Finish Test
2025-08-16 09:28:04 INFO  LoginTest:30 - Browser selected is - chrome
2025-08-16 09:28:12 INFO  TestListener:24 - Test Method Started userLogin
2025-08-16 09:28:12 WARN  TestListener:60 - Test Method Skipped userLogin
2025-08-16 09:28:18 INFO  TestListener:24 - Test Method Started userLogin
2025-08-16 09:28:18 ERROR TestListener:34 - Test Method Failure userLogin
2025-08-16 09:28:19 INFO  TestListener:64 - Test Class Finish Test
2025-08-16 09:34:08 INFO  LoginTest:30 - Browser selected is - chrome
2025-08-16 09:34:16 INFO  TestListener:24 - Test Method Started userLogin
2025-08-16 09:34:16 WARN  TestListener:60 - Test Method Skipped userLogin
2025-08-16 09:34:22 INFO  TestListener:24 - Test Method Started userLogin
2025-08-16 09:34:22 ERROR TestListener:34 - Test Method Failure userLogin
2025-08-16 09:34:23 INFO  TestListener:64 - Test Class Finish Test
2025-08-16 15:33:31 INFO  TestListener:24 - Test Method Started onionToolWebTitle
2025-08-16 15:33:31 WARN  TestListener:60 - Test Method Skipped onionToolWebTitle
2025-08-16 15:33:31 INFO  TestListener:24 - Test Method Started forgotPasswordLinkExists
2025-08-16 15:33:31 WARN  TestListener:60 - Test Method Skipped forgotPasswordLinkExists
2025-08-16 15:33:31 INFO  TestListener:64 - Test Class Finish Test
2025-08-16 15:33:56 INFO  TestListener:24 - Test Method Started onionToolWebTitle
2025-08-16 15:33:56 WARN  TestListener:60 - Test Method Skipped onionToolWebTitle
2025-08-16 15:33:56 INFO  TestListener:24 - Test Method Started forgotPasswordLinkExists
2025-08-16 15:33:56 WARN  TestListener:60 - Test Method Skipped forgotPasswordLinkExists
2025-08-16 15:33:56 INFO  TestListener:64 - Test Class Finish Test
2025-08-16 15:34:20 INFO  TestListener:24 - Test Method Started onionToolWebTitle
2025-08-16 15:34:20 WARN  TestListener:60 - Test Method Skipped onionToolWebTitle
2025-08-16 15:34:21 INFO  TestListener:64 - Test Class Finish Test
2025-08-16 15:35:10 INFO  TestListener:24 - Test Method Started onionToolWebTitle
2025-08-16 15:35:10 WARN  TestListener:60 - Test Method Skipped onionToolWebTitle
2025-08-16 15:35:10 INFO  TestListener:64 - Test Class Finish Test
2025-08-16 15:37:08 INFO  TestListener:24 - Test Method Started onionToolWebTitle
2025-08-16 15:37:16 WARN  TestListener:60 - Test Method Skipped onionToolWebTitle
2025-08-16 15:37:16 INFO  TestListener:64 - Test Class Finish Test
2025-08-16 15:38:47 INFO  LoginTest:32 - Browser selected is - chrome
2025-08-16 15:39:05 INFO  LoginTest:32 - Browser selected is - chrome
2025-08-16 15:39:11 INFO  TestListener:24 - Test Method Started onionToolWebTitle
2025-08-16 15:39:11 WARN  TestListener:60 - Test Method Skipped onionToolWebTitle
2025-08-16 15:39:11 INFO  TestListener:64 - Test Class Finish Test
2025-08-16 15:39:13 INFO  TestListener:24 - Test Method Started onionToolWebTitle
2025-08-16 15:39:14 INFO  TestListener:29 - Test Method Success onionToolWebTitle
2025-08-16 15:39:20 INFO  TestListener:24 - Test Method Started forgotPasswordLinkExists
2025-08-16 15:39:41 WARN  TestListener:60 - Test Method Skipped forgotPasswordLinkExists
2025-08-16 15:39:47 INFO  TestListener:24 - Test Method Started forgotPasswordLinkExists
2025-08-16 15:40:07 ERROR TestListener:34 - Test Method Failure forgotPasswordLinkExists
2025-08-16 15:40:08 INFO  TestListener:64 - Test Class Finish Test
2025-08-16 15:40:33 INFO  LoginTest:32 - Browser selected is - chrome
2025-08-16 15:40:41 INFO  TestListener:24 - Test Method Started onionToolWebTitle
2025-08-16 15:40:41 INFO  TestListener:29 - Test Method Success onionToolWebTitle
2025-08-16 15:40:48 INFO  TestListener:24 - Test Method Started forgotPasswordLinkExists
2025-08-16 15:40:56 WARN  TestListener:60 - Test Method Skipped forgotPasswordLinkExists
2025-08-16 15:41:20 INFO  TestListener:24 - Test Method Started forgotPasswordLinkExists
2025-08-16 15:41:20 ERROR TestListener:34 - Test Method Failure forgotPasswordLinkExists
2025-08-16 15:41:20 ERROR TestListener:34 - Test Method Failure forgotPasswordLinkExists
2025-08-16 15:41:20 INFO  TestListener:64 - Test Class Finish Test
2025-08-16 15:41:42 INFO  LoginTest:32 - Browser selected is - chrome
2025-08-16 15:41:53 INFO  TestListener:24 - Test Method Started onionToolWebTitle
2025-08-16 15:41:53 INFO  TestListener:29 - Test Method Success onionToolWebTitle
2025-08-16 15:42:01 INFO  TestListener:24 - Test Method Started forgotPasswordLinkExists
2025-08-16 15:42:02 INFO  TestListener:29 - Test Method Success forgotPasswordLinkExists
2025-08-16 15:42:02 INFO  TestListener:64 - Test Class Finish Test
2025-08-16 15:52:39 INFO  LoginTest:32 - Browser selected is - chrome
2025-08-16 15:52:48 INFO  TestListener:24 - Test Method Started onionToolWebTitle
2025-08-16 15:52:48 INFO  TestListener:29 - Test Method Success onionToolWebTitle
2025-08-16 15:52:56 INFO  TestListener:24 - Test Method Started forgotPasswordLinkExists
2025-08-16 15:52:57 INFO  TestListener:29 - Test Method Success forgotPasswordLinkExists
2025-08-16 15:53:04 INFO  TestListener:24 - Test Method Started userLoginTest
2025-08-16 15:53:08 INFO  TestListener:29 - Test Method Success userLoginTest
2025-08-16 15:53:09 INFO  TestListener:64 - Test Class Finish Test
2025-08-16 16:01:38 INFO  LoginTest:32 - Browser selected is - chrome
2025-08-16 16:01:50 INFO  TestListener:24 - Test Method Started forgotPasswordLinkExists
2025-08-16 16:01:50 INFO  TestListener:24 - Test Method Started onionToolWebTitle
2025-08-16 16:01:50 INFO  TestListener:24 - Test Method Started userLoginTest
2025-08-16 16:01:50 INFO  TestListener:29 - Test Method Success onionToolWebTitle
2025-08-16 16:01:51 WARN  TestListener:60 - Test Method Skipped userLoginTest
2025-08-16 16:01:51 INFO  TestListener:29 - Test Method Success forgotPasswordLinkExists
2025-08-16 16:01:59 INFO  TestListener:24 - Test Method Started userLoginTest
2025-08-16 16:02:02 INFO  TestListener:29 - Test Method Success userLoginTest
2025-08-16 16:02:02 INFO  TestListener:64 - Test Class Finish Test
2025-08-16 19:14:01 INFO  LoginTest:33 - Browser selected is - chrome
2025-08-16 19:14:22 INFO  TestListener:24 - Test Method Started onionToolWebTitle
2025-08-16 19:14:24 WARN  TestListener:60 - Test Method Skipped onionToolWebTitle
2025-08-16 19:14:25 INFO  TestListener:24 - Test Method Started forgotPasswordLinkExists
2025-08-16 19:14:27 WARN  TestListener:60 - Test Method Skipped forgotPasswordLinkExists
2025-08-16 19:14:28 INFO  TestListener:24 - Test Method Started userLoginTest
2025-08-16 19:14:29 WARN  TestListener:60 - Test Method Skipped userLoginTest
2025-08-16 19:14:29 INFO  TestListener:64 - Test Class Finish Test
2025-08-16 19:16:07 INFO  LoginTest:33 - Browser selected is - chrome
2025-08-16 19:16:38 INFO  TestListener:24 - Test Method Started onionToolWebTitle
2025-08-16 19:16:42 WARN  TestListener:60 - Test Method Skipped onionToolWebTitle
2025-08-16 19:17:00 INFO  TestListener:24 - Test Method Started onionToolWebTitle
2025-08-16 19:17:00 ERROR TestListener:34 - Test Method Failure onionToolWebTitle
2025-08-16 19:17:16 INFO  TestListener:24 - Test Method Started forgotPasswordLinkExists
2025-08-16 19:17:16 ERROR TestListener:34 - Test Method Failure forgotPasswordLinkExists
2025-08-16 19:17:37 INFO  TestListener:24 - Test Method Started userLoginTest
2025-08-16 19:17:37 ERROR TestListener:34 - Test Method Failure userLoginTest
2025-08-16 19:17:39 INFO  TestListener:64 - Test Class Finish Test
2025-08-16 19:18:28 INFO  LoginTest:33 - Browser selected is - chrome
2025-08-16 19:19:53 INFO  LoginTest:33 - Browser selected is - chrome
2025-08-16 19:22:08 INFO  TestListener:24 - Test Method Started onionToolWebTitle
2025-08-16 19:22:16 WARN  TestListener:60 - Test Method Skipped onionToolWebTitle
2025-08-16 19:23:42 INFO  TestListener:24 - Test Method Started onionToolWebTitle
2025-08-16 19:23:52 ERROR TestListener:34 - Test Method Failure onionToolWebTitle
2025-08-16 19:24:26 INFO  TestListener:24 - Test Method Started forgotPasswordLinkExists
2025-08-16 19:24:26 ERROR TestListener:34 - Test Method Failure forgotPasswordLinkExists
2025-08-16 19:25:22 INFO  TestListener:24 - Test Method Started userLoginTest
2025-08-16 19:25:22 ERROR TestListener:34 - Test Method Failure userLoginTest
2025-08-16 19:25:34 INFO  TestListener:64 - Test Class Finish Test
2025-08-16 19:53:29 INFO  LoginTest:33 - Browser selected is - chrome
2025-08-16 19:54:36 INFO  TestListener:24 - Test Method Started onionToolWebTitle
2025-08-16 19:54:41 WARN  TestListener:60 - Test Method Skipped onionToolWebTitle
2025-08-16 19:54:43 INFO  TestListener:24 - Test Method Started forgotPasswordLinkExists
2025-08-16 19:54:45 WARN  TestListener:60 - Test Method Skipped forgotPasswordLinkExists
2025-08-16 19:54:47 INFO  TestListener:24 - Test Method Started userLoginTest
2025-08-16 19:54:49 WARN  TestListener:60 - Test Method Skipped userLoginTest
2025-08-16 19:54:51 INFO  TestListener:64 - Test Class Finish Test
2025-08-16 19:57:09 INFO  LoginTest:33 - Browser selected is - chrome
2025-08-16 19:57:13 INFO  TestListener:24 - Test Method Started onionToolWebTitle
2025-08-16 19:57:13 WARN  TestListener:60 - Test Method Skipped onionToolWebTitle
2025-08-16 19:57:17 INFO  TestListener:24 - Test Method Started onionToolWebTitle
2025-08-16 19:57:17 ERROR TestListener:34 - Test Method Failure onionToolWebTitle
2025-08-16 19:57:22 INFO  TestListener:24 - Test Method Started forgotPasswordLinkExists
2025-08-16 19:57:22 ERROR TestListener:34 - Test Method Failure forgotPasswordLinkExists
2025-08-16 19:57:27 INFO  TestListener:24 - Test Method Started userLoginTest
2025-08-16 19:57:27 ERROR TestListener:34 - Test Method Failure userLoginTest
2025-08-16 19:57:28 INFO  TestListener:64 - Test Class Finish Test
2025-08-16 19:58:00 INFO  LoginTest:33 - Browser selected is - chrome
2025-08-16 20:02:44 INFO  LoginTest:33 - Browser selected is - chrome
2025-08-16 20:02:48 INFO  TestListener:24 - Test Method Started onionToolWebTitle
2025-08-16 20:02:48 WARN  TestListener:60 - Test Method Skipped onionToolWebTitle
2025-08-16 20:02:48 INFO  TestListener:24 - Test Method Started onionToolWebTitle
2025-08-16 20:02:48 ERROR TestListener:34 - Test Method Failure onionToolWebTitle
2025-08-16 20:02:48 ERROR TestListener:34 - Test Method Failure onionToolWebTitle
2025-08-16 20:02:48 INFO  TestListener:64 - Test Class Finish Test
2025-08-16 20:03:31 INFO  LoginTest:33 - Browser selected is - chrome
2025-08-16 20:06:24 INFO  LoginTest:33 - Browser selected is - chrome
2025-08-16 20:06:35 INFO  TestListener:24 - Test Method Started onionToolWebTitle
2025-08-16 20:06:35 INFO  TestListener:29 - Test Method Success onionToolWebTitle
2025-08-16 20:06:36 INFO  TestListener:24 - Test Method Started forgotPasswordLinkExists
2025-08-16 20:06:36 WARN  TestListener:60 - Test Method Skipped forgotPasswordLinkExists
2025-08-16 20:06:36 INFO  TestListener:24 - Test Method Started forgotPasswordLinkExists
2025-08-16 20:06:36 ERROR TestListener:34 - Test Method Failure forgotPasswordLinkExists
2025-08-16 20:06:36 ERROR TestListener:34 - Test Method Failure forgotPasswordLinkExists
2025-08-16 20:06:36 INFO  TestListener:64 - Test Class Finish Test
2025-08-16 20:07:09 INFO  LoginTest:33 - Browser selected is - chrome
2025-08-16 20:07:18 INFO  TestListener:24 - Test Method Started onionToolWebTitle
2025-08-16 20:07:18 INFO  TestListener:29 - Test Method Success onionToolWebTitle
2025-08-16 20:07:25 INFO  TestListener:24 - Test Method Started forgotPasswordLinkExists
2025-08-16 20:07:26 INFO  TestListener:29 - Test Method Success forgotPasswordLinkExists
2025-08-16 20:07:33 INFO  TestListener:24 - Test Method Started userLoginTest
2025-08-16 20:07:36 INFO  TestListener:29 - Test Method Success userLoginTest
2025-08-16 20:07:36 INFO  TestListener:64 - Test Class Finish Test
2025-08-16 20:10:08 INFO  LoginTest:33 - Browser selected is - chrome
2025-08-16 20:10:08 INFO  TestListener:24 - Test Method Started onionToolWebTitle
2025-08-16 20:10:08 WARN  TestListener:60 - Test Method Skipped onionToolWebTitle
2025-08-16 20:10:08 INFO  TestListener:24 - Test Method Started onionToolWebTitle
2025-08-16 20:10:08 ERROR TestListener:34 - Test Method Failure onionToolWebTitle
2025-08-16 20:10:08 ERROR TestListener:34 - Test Method Failure onionToolWebTitle
2025-08-16 20:10:08 INFO  TestListener:64 - Test Class Finish Test
2025-08-16 20:16:24 INFO  LoginTest:33 - Browser selected is - chrome
2025-08-16 20:21:15 INFO  LoginTest:33 - Browser selected is - chrome
2025-08-16 20:21:25 INFO  TestListener:24 - Test Method Started onionToolWebTitle
2025-08-16 20:21:25 INFO  TestListener:29 - Test Method Success onionToolWebTitle
2025-08-16 20:21:33 INFO  TestListener:24 - Test Method Started forgotPasswordLinkExists
2025-08-16 20:21:34 INFO  TestListener:29 - Test Method Success forgotPasswordLinkExists
2025-08-16 20:21:43 INFO  TestListener:24 - Test Method Started userLoginTest
2025-08-16 20:21:47 INFO  TestListener:29 - Test Method Success userLoginTest
2025-08-16 20:21:47 INFO  TestListener:64 - Test Class Finish Test
2025-08-16 20:32:13 INFO  LoginTest:33 - Browser selected is - chrome
2025-08-16 20:32:21 INFO  TestListener:24 - Test Method Started onionToolWebTitle
2025-08-16 20:32:21 INFO  TestListener:29 - Test Method Success onionToolWebTitle
2025-08-16 20:32:28 INFO  TestListener:24 - Test Method Started forgotPasswordLinkExists
2025-08-16 20:32:28 INFO  TestListener:29 - Test Method Success forgotPasswordLinkExists
2025-08-16 20:32:37 INFO  TestListener:24 - Test Method Started userLoginTest
2025-08-16 20:32:40 INFO  TestListener:29 - Test Method Success userLoginTest
2025-08-16 20:32:40 INFO  TestListener:64 - Test Class Finish Test
2025-08-16 20:33:33 INFO  AllControls:33 - Browser selected is - chrome
2025-08-16 20:33:33 INFO  TestListener:64 - Test Class Finish Test
2025-08-16 20:33:55 INFO  AllControls:33 - Browser selected is - chrome
2025-08-16 20:33:55 INFO  TestListener:64 - Test Class Finish Test
2025-08-16 20:34:14 INFO  AllControls:33 - Browser selected is - chrome
2025-08-16 20:34:14 INFO  TestListener:64 - Test Class Finish Test
2025-08-16 20:34:49 INFO  AllControls:33 - Browser selected is - chrome
2025-08-16 20:34:49 INFO  TestListener:64 - Test Class Finish Test
2025-08-16 20:35:29 INFO  AllControls:33 - Browser selected is - chrome
2025-08-16 20:35:29 INFO  TestListener:64 - Test Class Finish Test
2025-08-16 20:35:39 INFO  AllControls:33 - Browser selected is - chrome
2025-08-16 20:35:39 INFO  TestListener:64 - Test Class Finish Test
2025-08-16 20:36:03 INFO  AllControls:33 - Browser selected is - chrome
2025-08-16 20:36:25 INFO  TestListener:24 - Test Method Started inputSimpleControls
2025-08-16 20:36:25 WARN  TestListener:60 - Test Method Skipped inputSimpleControls
2025-08-16 20:36:26 INFO  TestListener:64 - Test Class Finish Test
2025-08-16 20:36:43 INFO  AllControls:33 - Browser selected is - chrome
2025-08-16 20:37:34 INFO  AllControls:33 - Browser selected is - chrome
2025-08-16 20:37:46 INFO  TestListener:24 - Test Method Started inputSimpleControls
2025-08-16 20:37:49 INFO  TestListener:29 - Test Method Success inputSimpleControls
2025-08-16 20:37:49 INFO  TestListener:64 - Test Class Finish Test
2025-08-16 20:38:01 INFO  AllControls:33 - Browser selected is - chrome
2025-08-16 20:38:04 INFO  TestListener:24 - Test Method Started inputSimpleControls
2025-08-16 20:38:04 INFO  TestListener:29 - Test Method Success inputSimpleControls
2025-08-16 20:38:05 INFO  TestListener:64 - Test Class Finish Test
2025-08-16 20:38:31 INFO  AllControls:33 - Browser selected is - chrome
2025-08-16 20:38:43 INFO  TestListener:24 - Test Method Started inputSimpleControls
2025-08-16 20:39:01 INFO  TestListener:29 - Test Method Success inputSimpleControls
2025-08-16 20:39:01 INFO  TestListener:64 - Test Class Finish Test
2025-08-17 11:58:21 INFO  AllControlsLogin:33 - Browser selected is - chrome
2025-08-17 11:59:15 INFO  TestListener:24 - Test Method Started inputSimpleControls
2025-08-17 12:15:09 INFO  AllControlsLogin:33 - Browser selected is - chrome
2025-08-17 12:15:33 INFO  TestListener:24 - Test Method Started inputSimpleControls
2025-08-17 12:15:47 INFO  TestListener:29 - Test Method Success inputSimpleControls
2025-08-17 12:16:01 INFO  TestListener:24 - Test Method Started Login
2025-08-17 12:16:06 WARN  TestListener:60 - Test Method Skipped Login
2025-08-17 12:16:06 INFO  TestListener:64 - Test Class Finish Test
2025-08-17 12:17:19 INFO  AllControlsLogin:33 - Browser selected is - chrome
2025-08-17 12:17:38 INFO  TestListener:24 - Test Method Started inputSimpleControls
2025-08-17 12:17:43 INFO  TestListener:29 - Test Method Success inputSimpleControls
2025-08-17 12:18:31 INFO  TestListener:24 - Test Method Started Login
2025-08-17 12:18:34 WARN  TestListener:60 - Test Method Skipped Login
2025-08-17 12:18:34 INFO  TestListener:64 - Test Class Finish Test
2025-08-17 12:20:13 INFO  AllControlsLogin:33 - Browser selected is - chrome
2025-08-17 12:20:47 INFO  TestListener:24 - Test Method Started inputSimpleControls
2025-08-17 12:20:51 INFO  TestListener:29 - Test Method Success inputSimpleControls
2025-08-17 12:25:13 INFO  AllControlsLogin:33 - Browser selected is - chrome
2025-08-17 12:25:17 INFO  TestListener:24 - Test Method Started inputSimpleControls
2025-08-17 12:25:19 WARN  TestListener:60 - Test Method Skipped inputSimpleControls
2025-08-17 12:25:23 INFO  TestListener:24 - Test Method Started Login
2025-08-17 12:25:26 WARN  TestListener:60 - Test Method Skipped Login
2025-08-17 12:25:26 INFO  TestListener:64 - Test Class Finish Test
2025-08-17 12:26:18 INFO  AllControlsLogin:33 - Browser selected is - chrome
2025-08-17 12:26:24 INFO  TestListener:24 - Test Method Started inputSimpleControls
2025-08-17 12:26:28 INFO  TestListener:29 - Test Method Success inputSimpleControls
2025-08-17 12:26:31 INFO  TestListener:24 - Test Method Started Login
2025-08-17 12:26:34 WARN  TestListener:60 - Test Method Skipped Login
2025-08-17 12:26:34 INFO  TestListener:64 - Test Class Finish Test
2025-08-17 12:30:52 INFO  AllControlsLogin:33 - Browser selected is - chrome
2025-08-17 12:30:54 INFO  AllControlsLogin:33 - Browser selected is - chrome
2025-08-17 12:31:00 INFO  TestListener:24 - Test Method Started inputSimpleControls
2025-08-17 12:31:03 INFO  TestListener:29 - Test Method Success inputSimpleControls
2025-08-17 12:31:09 INFO  TestListener:24 - Test Method Started Login
2025-08-17 12:31:16 WARN  TestListener:60 - Test Method Skipped Login
2025-08-17 12:31:16 INFO  TestListener:64 - Test Class Finish Test
2025-08-17 12:31:38 INFO  AllControlsLogin:33 - Browser selected is - chrome
2025-08-17 12:31:51 INFO  AllControlsLogin:33 - Browser selected is - chrome
2025-08-17 12:32:04 INFO  TestListener:24 - Test Method Started inputSimpleControls
2025-08-17 12:32:07 INFO  TestListener:29 - Test Method Success inputSimpleControls
2025-08-17 12:32:10 INFO  TestListener:24 - Test Method Started Login
2025-08-17 12:32:21 WARN  TestListener:60 - Test Method Skipped Login
2025-08-17 12:32:21 INFO  TestListener:64 - Test Class Finish Test
2025-08-17 12:33:09 INFO  AllControlsLogin:33 - Browser selected is - chrome
2025-08-17 12:33:11 INFO  AllControlsLogin:33 - Browser selected is - chrome
2025-08-17 12:33:17 INFO  TestListener:24 - Test Method Started inputSimpleControls
2025-08-17 12:33:22 INFO  TestListener:29 - Test Method Success inputSimpleControls
2025-08-17 12:33:28 INFO  TestListener:24 - Test Method Started Login
2025-08-17 12:33:34 WARN  TestListener:60 - Test Method Skipped Login
2025-08-17 12:33:34 INFO  TestListener:64 - Test Class Finish Test
2025-08-17 12:34:03 INFO  TestListener:24 - Test Method Started inputSimpleControls
2025-08-17 12:34:07 WARN  TestListener:60 - Test Method Skipped inputSimpleControls
2025-08-17 12:34:09 INFO  TestListener:24 - Test Method Started Login
2025-08-17 12:34:10 WARN  TestListener:60 - Test Method Skipped Login
2025-08-17 12:34:10 INFO  TestListener:64 - Test Class Finish Test
2025-08-17 12:35:04 INFO  TestListener:24 - Test Method Started inputSimpleControls
2025-08-17 12:35:07 WARN  TestListener:60 - Test Method Skipped inputSimpleControls
2025-08-17 12:35:08 INFO  TestListener:24 - Test Method Started Login
2025-08-17 12:35:10 WARN  TestListener:60 - Test Method Skipped Login
2025-08-17 12:35:10 INFO  TestListener:64 - Test Class Finish Test
2025-08-17 12:35:47 INFO  AllControlsLogin:33 - Browser selected is - chrome
2025-08-17 12:35:50 INFO  TestListener:24 - Test Method Started inputSimpleControls
2025-08-17 12:35:50 INFO  TestListener:29 - Test Method Success inputSimpleControls
2025-08-17 12:35:50 INFO  AllControlsDashboardTest:33 - Browser selected is - chrome
2025-08-17 12:35:53 INFO  TestListener:24 - Test Method Started Login
2025-08-17 12:35:53 INFO  TestListener:29 - Test Method Success Login
2025-08-17 12:35:54 INFO  TestListener:64 - Test Class Finish Test
2025-08-17 12:36:13 INFO  AllControlsLogin:33 - Browser selected is - chrome
2025-08-17 12:36:27 INFO  TestListener:24 - Test Method Started inputSimpleControls
2025-08-17 12:36:33 INFO  TestListener:29 - Test Method Success inputSimpleControls
2025-08-17 12:36:33 INFO  AllControlsDashboardTest:33 - Browser selected is - chrome
2025-08-17 12:36:42 INFO  TestListener:24 - Test Method Started Login
2025-08-17 14:56:04 INFO  AllControlsLogin:33 - Browser selected is - chrome
2025-08-17 14:56:11 INFO  TestListener:24 - Test Method Started inputSimpleControls
2025-08-17 14:56:12 INFO  TestListener:29 - Test Method Success inputSimpleControls
2025-08-17 14:56:12 INFO  AllControlsDashboardTest:33 - Browser selected is - chrome
2025-08-17 14:57:42 INFO  TestListener:24 - Test Method Started Login
2025-08-17 14:57:52 INFO  TestListener:29 - Test Method Success Login
2025-08-17 14:57:55 INFO  TestListener:24 - Test Method Started inputDiffControls
2025-08-17 14:57:56 ERROR TestListener:34 - Test Method Failure inputDiffControls
2025-08-17 14:57:57 INFO  TestListener:64 - Test Class Finish Test
2025-08-17 14:58:26 INFO  AllControlsLogin:33 - Browser selected is - chrome
2025-08-17 14:58:29 INFO  TestListener:24 - Test Method Started inputSimpleControls
2025-08-17 14:58:30 INFO  TestListener:29 - Test Method Success inputSimpleControls
2025-08-17 14:58:30 INFO  AllControlsDashboardTest:33 - Browser selected is - chrome
2025-08-17 14:58:33 INFO  TestListener:24 - Test Method Started Login
2025-08-17 14:58:33 INFO  TestListener:29 - Test Method Success Login
2025-08-17 14:58:41 INFO  TestListener:24 - Test Method Started inputDiffControls
2025-08-17 15:09:41 INFO  AllControlsLogin:33 - Browser selected is - chrome
2025-08-17 15:09:44 INFO  TestListener:24 - Test Method Started inputSimpleControls
2025-08-17 15:09:45 INFO  TestListener:29 - Test Method Success inputSimpleControls
2025-08-17 15:09:45 INFO  AllControlsDashboardTest:33 - Browser selected is - chrome
2025-08-17 15:09:48 INFO  TestListener:24 - Test Method Started Login
2025-08-17 15:09:48 INFO  TestListener:29 - Test Method Success Login
2025-08-17 15:09:55 INFO  TestListener:24 - Test Method Started inputDiffControls
2025-08-17 15:29:55 INFO  AllControlsLogin:33 - Browser selected is - chrome
2025-08-17 15:29:58 INFO  TestListener:24 - Test Method Started inputSimpleControls
2025-08-17 15:29:59 INFO  TestListener:29 - Test Method Success inputSimpleControls
2025-08-17 15:30:00 INFO  AllControlsDashboardTest:33 - Browser selected is - chrome
2025-08-17 15:30:03 INFO  TestListener:24 - Test Method Started Login
2025-08-17 15:30:04 INFO  TestListener:29 - Test Method Success Login
2025-08-17 15:30:14 INFO  TestListener:24 - Test Method Started inputDiffControls
2025-08-17 15:36:21 INFO  AllControlsLogin:33 - Browser selected is - chrome
2025-08-17 15:36:26 INFO  TestListener:24 - Test Method Started inputSimpleControls
2025-08-17 15:36:27 INFO  TestListener:29 - Test Method Success inputSimpleControls
2025-08-17 15:36:27 INFO  AllControlsDashboardTest:33 - Browser selected is - chrome
2025-08-17 15:36:30 INFO  TestListener:24 - Test Method Started Login
2025-08-17 15:36:31 INFO  TestListener:29 - Test Method Success Login
2025-08-17 15:36:35 INFO  TestListener:24 - Test Method Started inputDiffControls
2025-08-17 15:37:26 INFO  AllControlsLogin:33 - Browser selected is - chrome
2025-08-17 15:37:34 INFO  TestListener:24 - Test Method Started inputSimpleControls
2025-08-17 15:37:34 INFO  TestListener:29 - Test Method Success inputSimpleControls
2025-08-17 15:37:35 INFO  AllControlsDashboardTest:33 - Browser selected is - chrome
2025-08-17 15:37:38 INFO  TestListener:24 - Test Method Started Login
2025-08-17 15:37:39 INFO  TestListener:29 - Test Method Success Login
2025-08-17 15:37:43 INFO  TestListener:24 - Test Method Started inputDiffControls
2025-08-17 15:39:01 INFO  AllControlsLogin:33 - Browser selected is - chrome
2025-08-17 15:39:04 INFO  TestListener:24 - Test Method Started inputSimpleControls
2025-08-17 15:39:05 INFO  TestListener:29 - Test Method Success inputSimpleControls
2025-08-17 15:39:06 INFO  AllControlsDashboardTest:33 - Browser selected is - chrome
2025-08-17 15:39:08 INFO  TestListener:24 - Test Method Started Login
2025-08-17 15:39:09 INFO  TestListener:29 - Test Method Success Login
2025-08-17 15:39:12 INFO  TestListener:24 - Test Method Started inputDiffControls
2025-08-17 15:41:54 ERROR TestListener:34 - Test Method Failure inputDiffControls
2025-08-17 15:41:54 INFO  TestListener:64 - Test Class Finish Test
2025-08-17 15:42:02 INFO  AllControlsLogin:33 - Browser selected is - chrome
2025-08-17 15:42:04 INFO  TestListener:24 - Test Method Started inputSimpleControls
2025-08-17 15:42:05 INFO  TestListener:29 - Test Method Success inputSimpleControls
2025-08-17 15:42:05 INFO  AllControlsDashboardTest:33 - Browser selected is - chrome
2025-08-17 15:42:07 INFO  TestListener:24 - Test Method Started Login
2025-08-17 15:42:08 INFO  TestListener:29 - Test Method Success Login
2025-08-17 15:42:10 INFO  TestListener:24 - Test Method Started inputDiffControls
2025-08-17 15:42:23 ERROR TestListener:34 - Test Method Failure inputDiffControls
2025-08-17 15:42:24 INFO  TestListener:64 - Test Class Finish Test
2025-08-17 15:42:33 INFO  AllControlsLogin:33 - Browser selected is - chrome
2025-08-17 15:42:37 INFO  TestListener:24 - Test Method Started inputSimpleControls
2025-08-17 15:42:38 INFO  TestListener:29 - Test Method Success inputSimpleControls
2025-08-17 15:42:38 INFO  AllControlsDashboardTest:33 - Browser selected is - chrome
2025-08-17 15:42:40 INFO  TestListener:24 - Test Method Started Login
2025-08-17 15:42:41 INFO  TestListener:29 - Test Method Success Login
2025-08-17 15:42:43 INFO  TestListener:24 - Test Method Started inputDiffControls
2025-08-17 15:48:53 INFO  AllControlsLogin:33 - Browser selected is - chrome
2025-08-17 15:48:55 INFO  TestListener:24 - Test Method Started inputSimpleControls
2025-08-17 15:48:55 INFO  TestListener:29 - Test Method Success inputSimpleControls
2025-08-17 15:48:55 INFO  AllControlsDashboardTest:33 - Browser selected is - chrome
2025-08-17 15:48:57 INFO  TestListener:24 - Test Method Started Login
2025-08-17 15:48:57 INFO  TestListener:29 - Test Method Success Login
2025-08-17 15:48:59 INFO  TestListener:24 - Test Method Started inputDiffControls
2025-08-17 15:49:00 ERROR TestListener:34 - Test Method Failure inputDiffControls
2025-08-17 15:49:00 INFO  TestListener:64 - Test Class Finish Test
2025-08-17 15:50:20 INFO  AllControlsLogin:33 - Browser selected is - chrome
2025-08-17 15:50:22 INFO  TestListener:24 - Test Method Started inputSimpleControls
2025-08-17 15:50:23 INFO  TestListener:29 - Test Method Success inputSimpleControls
2025-08-17 15:50:23 INFO  AllControlsDashboardTest:33 - Browser selected is - chrome
2025-08-17 15:50:24 INFO  TestListener:24 - Test Method Started Login
2025-08-17 15:50:25 INFO  TestListener:29 - Test Method Success Login
2025-08-17 15:50:27 INFO  TestListener:24 - Test Method Started inputDiffControls
2025-08-17 15:50:42 ERROR TestListener:34 - Test Method Failure inputDiffControls
2025-08-17 15:50:43 INFO  TestListener:64 - Test Class Finish Test
2025-08-17 15:51:33 INFO  AllControlsLogin:33 - Browser selected is - chrome
2025-08-17 15:51:36 INFO  TestListener:24 - Test Method Started inputSimpleControls
2025-08-17 15:51:36 INFO  TestListener:29 - Test Method Success inputSimpleControls
2025-08-17 15:51:36 INFO  AllControlsDashboardTest:33 - Browser selected is - chrome
2025-08-17 15:51:38 INFO  TestListener:24 - Test Method Started Login
2025-08-17 15:51:38 INFO  TestListener:29 - Test Method Success Login
2025-08-17 15:51:40 INFO  TestListener:24 - Test Method Started inputDiffControls
2025-08-17 15:52:30 ERROR TestListener:34 - Test Method Failure inputDiffControls
2025-08-17 15:52:30 INFO  TestListener:64 - Test Class Finish Test
2025-08-17 15:53:11 INFO  AllControlsLogin:33 - Browser selected is - chrome
2025-08-17 15:53:13 INFO  TestListener:24 - Test Method Started inputSimpleControls
2025-08-17 15:53:14 INFO  TestListener:29 - Test Method Success inputSimpleControls
2025-08-17 15:53:14 INFO  AllControlsDashboardTest:33 - Browser selected is - chrome
2025-08-17 15:53:15 INFO  TestListener:24 - Test Method Started Login
2025-08-17 15:53:16 INFO  TestListener:29 - Test Method Success Login
2025-08-17 15:53:18 INFO  TestListener:24 - Test Method Started inputDiffControls
2025-08-17 15:53:20 INFO  TestListener:29 - Test Method Success inputDiffControls
2025-08-17 15:53:20 INFO  TestListener:64 - Test Class Finish Test
2025-08-17 16:09:37 INFO  AllControlsLogin:33 - Browser selected is - chrome
2025-08-17 16:09:43 INFO  TestListener:24 - Test Method Started inputSimpleControls
2025-08-17 16:09:44 INFO  TestListener:29 - Test Method Success inputSimpleControls
2025-08-17 16:09:44 INFO  AllControlsDashboardTest:33 - Browser selected is - chrome
2025-08-17 16:09:47 INFO  TestListener:24 - Test Method Started Login
2025-08-17 16:09:48 INFO  TestListener:29 - Test Method Success Login
2025-08-17 16:09:50 INFO  TestListener:24 - Test Method Started inputDiffControls
2025-08-17 16:10:35 ERROR TestListener:34 - Test Method Failure inputDiffControls
2025-08-17 16:10:35 INFO  TestListener:64 - Test Class Finish Test
2025-08-17 16:11:10 INFO  AllControlsLogin:33 - Browser selected is - chrome
2025-08-17 16:11:13 INFO  TestListener:24 - Test Method Started inputSimpleControls
2025-08-17 16:11:13 INFO  TestListener:29 - Test Method Success inputSimpleControls
2025-08-17 16:11:14 INFO  AllControlsDashboardTest:33 - Browser selected is - chrome
2025-08-17 16:11:16 INFO  TestListener:24 - Test Method Started Login
2025-08-17 16:11:17 INFO  TestListener:29 - Test Method Success Login
2025-08-17 16:11:19 INFO  TestListener:24 - Test Method Started inputDiffControls
2025-08-17 16:48:26 INFO  AllControlsLogin:33 - Browser selected is - chrome
2025-08-17 16:48:29 INFO  TestListener:24 - Test Method Started inputSimpleControls
2025-08-17 16:48:29 INFO  TestListener:29 - Test Method Success inputSimpleControls
2025-08-17 16:48:30 INFO  AllControlsDashboardTest:33 - Browser selected is - chrome
2025-08-17 16:48:31 INFO  TestListener:24 - Test Method Started Login
2025-08-17 16:48:31 INFO  TestListener:29 - Test Method Success Login
2025-08-17 16:48:34 INFO  TestListener:24 - Test Method Started inputDiffControls
2025-08-17 16:48:35 ERROR TestListener:34 - Test Method Failure inputDiffControls
2025-08-17 16:48:36 INFO  TestListener:64 - Test Class Finish Test
2025-08-17 16:49:12 INFO  AllControlsLogin:33 - Browser selected is - chrome
2025-08-17 16:49:14 INFO  TestListener:24 - Test Method Started inputSimpleControls
2025-08-17 16:49:15 INFO  TestListener:29 - Test Method Success inputSimpleControls
2025-08-17 16:49:15 INFO  AllControlsDashboardTest:33 - Browser selected is - chrome
2025-08-17 16:49:16 INFO  TestListener:24 - Test Method Started Login
2025-08-17 16:49:17 INFO  TestListener:29 - Test Method Success Login
2025-08-17 16:49:19 INFO  TestListener:24 - Test Method Started inputDiffControls
2025-08-17 16:49:45 ERROR TestListener:34 - Test Method Failure inputDiffControls
2025-08-17 16:49:45 INFO  TestListener:64 - Test Class Finish Test
2025-08-17 16:52:33 INFO  AllControlsLogin:33 - Browser selected is - chrome
2025-08-17 16:52:35 INFO  TestListener:24 - Test Method Started inputSimpleControls
2025-08-17 16:52:36 INFO  TestListener:29 - Test Method Success inputSimpleControls
2025-08-17 16:52:36 INFO  AllControlsDashboardTest:33 - Browser selected is - chrome
2025-08-17 16:52:38 INFO  TestListener:24 - Test Method Started Login
2025-08-17 16:52:38 INFO  TestListener:29 - Test Method Success Login
2025-08-17 16:52:41 INFO  TestListener:24 - Test Method Started inputDiffControls
2025-08-17 16:53:32 INFO  AllControlsLogin:33 - Browser selected is - chrome
2025-08-17 16:53:35 INFO  TestListener:24 - Test Method Started inputSimpleControls
2025-08-17 16:53:36 INFO  TestListener:29 - Test Method Success inputSimpleControls
2025-08-17 16:53:36 INFO  AllControlsDashboardTest:33 - Browser selected is - chrome
2025-08-17 16:53:38 INFO  TestListener:24 - Test Method Started Login
2025-08-17 16:53:39 INFO  TestListener:29 - Test Method Success Login
2025-08-17 16:53:41 INFO  TestListener:24 - Test Method Started inputDiffControls
2025-08-17 16:55:18 INFO  AllControlsLogin:33 - Browser selected is - chrome
2025-08-17 16:55:21 INFO  TestListener:24 - Test Method Started inputSimpleControls
2025-08-17 16:55:22 INFO  TestListener:29 - Test Method Success inputSimpleControls
2025-08-17 16:55:22 INFO  AllControlsDashboardTest:33 - Browser selected is - chrome
2025-08-17 16:55:24 INFO  TestListener:24 - Test Method Started Login
2025-08-17 16:55:25 INFO  TestListener:29 - Test Method Success Login
2025-08-17 16:55:28 INFO  TestListener:24 - Test Method Started inputDiffControls
2025-08-17 16:56:45 INFO  AllControlsLogin:33 - Browser selected is - chrome
2025-08-17 16:56:50 INFO  TestListener:24 - Test Method Started inputSimpleControls
2025-08-17 16:56:50 INFO  TestListener:29 - Test Method Success inputSimpleControls
2025-08-17 16:56:51 INFO  AllControlsDashboardTest:33 - Browser selected is - chrome
2025-08-17 16:56:53 INFO  TestListener:24 - Test Method Started Login
2025-08-17 16:56:54 INFO  TestListener:29 - Test Method Success Login
2025-08-17 16:56:56 INFO  TestListener:24 - Test Method Started inputDiffControls
2025-08-17 17:07:00 INFO  AllControlsLogin:33 - Browser selected is - chrome
2025-08-17 17:07:02 INFO  TestListener:24 - Test Method Started inputSimpleControls
2025-08-17 17:07:03 INFO  TestListener:29 - Test Method Success inputSimpleControls
2025-08-17 17:07:03 INFO  AllControlsDashboardTest:33 - Browser selected is - chrome
2025-08-17 17:07:05 INFO  TestListener:24 - Test Method Started Login
2025-08-17 17:07:05 INFO  TestListener:29 - Test Method Success Login
2025-08-17 17:07:08 INFO  TestListener:24 - Test Method Started inputDiffControls
2025-08-17 17:08:53 INFO  AllControlsLogin:33 - Browser selected is - chrome
2025-08-17 17:08:56 INFO  TestListener:24 - Test Method Started inputSimpleControls
2025-08-17 17:08:56 INFO  TestListener:29 - Test Method Success inputSimpleControls
2025-08-17 17:08:57 INFO  AllControlsDashboardTest:33 - Browser selected is - chrome
2025-08-17 17:09:00 INFO  TestListener:24 - Test Method Started Login
2025-08-17 17:09:01 INFO  TestListener:29 - Test Method Success Login
2025-08-17 17:09:05 INFO  TestListener:24 - Test Method Started inputDiffControls
2025-08-17 17:10:50 INFO  AllControlsLogin:33 - Browser selected is - chrome
2025-08-17 17:10:57 INFO  TestListener:24 - Test Method Started inputSimpleControls
2025-08-17 17:10:58 INFO  TestListener:29 - Test Method Success inputSimpleControls
2025-08-17 17:10:58 INFO  AllControlsDashboardTest:33 - Browser selected is - chrome
2025-08-17 17:11:01 INFO  TestListener:24 - Test Method Started Login
2025-08-17 17:11:02 INFO  TestListener:29 - Test Method Success Login
2025-08-17 17:11:05 INFO  TestListener:24 - Test Method Started inputDiffControls
2025-08-17 17:12:30 INFO  AllControlsLogin:33 - Browser selected is - chrome
2025-08-17 17:12:34 INFO  TestListener:24 - Test Method Started inputSimpleControls
2025-08-17 17:12:35 INFO  TestListener:29 - Test Method Success inputSimpleControls
2025-08-17 17:12:35 INFO  AllControlsDashboardTest:33 - Browser selected is - chrome
2025-08-17 17:12:37 INFO  TestListener:24 - Test Method Started Login
2025-08-17 17:12:38 INFO  TestListener:29 - Test Method Success Login
2025-08-17 17:12:40 INFO  TestListener:24 - Test Method Started inputDiffControls
2025-08-17 17:13:47 INFO  AllControlsLogin:33 - Browser selected is - chrome
2025-08-17 17:13:50 INFO  TestListener:24 - Test Method Started inputSimpleControls
2025-08-17 17:13:51 INFO  TestListener:29 - Test Method Success inputSimpleControls
2025-08-17 17:13:51 INFO  AllControlsDashboardTest:33 - Browser selected is - chrome
2025-08-17 17:13:53 INFO  TestListener:24 - Test Method Started Login
2025-08-17 17:13:54 INFO  TestListener:29 - Test Method Success Login
2025-08-17 17:13:57 INFO  TestListener:24 - Test Method Started inputDiffControls
2025-08-17 17:18:22 INFO  AllControlsLogin:33 - Browser selected is - chrome
2025-08-17 17:18:25 INFO  TestListener:24 - Test Method Started inputSimpleControls
2025-08-17 17:18:25 INFO  TestListener:29 - Test Method Success inputSimpleControls
2025-08-17 17:18:26 INFO  AllControlsDashboardTest:33 - Browser selected is - chrome
2025-08-17 17:18:28 INFO  TestListener:24 - Test Method Started Login
2025-08-17 17:18:29 INFO  TestListener:29 - Test Method Success Login
2025-08-17 17:18:31 INFO  TestListener:24 - Test Method Started inputDiffControls
2025-08-17 17:19:24 INFO  AllControlsLogin:33 - Browser selected is - chrome
2025-08-17 17:19:28 INFO  TestListener:24 - Test Method Started inputSimpleControls
2025-08-17 17:19:28 INFO  TestListener:29 - Test Method Success inputSimpleControls
2025-08-17 17:19:28 INFO  AllControlsDashboardTest:33 - Browser selected is - chrome
2025-08-17 17:19:30 INFO  TestListener:24 - Test Method Started Login
2025-08-17 17:19:31 INFO  TestListener:29 - Test Method Success Login
2025-08-17 17:19:34 INFO  TestListener:24 - Test Method Started inputDiffControls
2025-08-17 17:19:38 ERROR TestListener:34 - Test Method Failure inputDiffControls
2025-08-17 17:19:38 INFO  TestListener:64 - Test Class Finish Test
2025-08-17 17:19:50 INFO  AllControlsLogin:33 - Browser selected is - chrome
2025-08-17 17:19:53 INFO  TestListener:24 - Test Method Started inputSimpleControls
2025-08-17 17:19:54 INFO  TestListener:29 - Test Method Success inputSimpleControls
2025-08-17 17:19:54 INFO  AllControlsDashboardTest:33 - Browser selected is - chrome
2025-08-17 17:19:56 INFO  TestListener:24 - Test Method Started Login
2025-08-17 17:19:57 INFO  TestListener:29 - Test Method Success Login
2025-08-17 17:19:59 INFO  TestListener:24 - Test Method Started inputDiffControls
2025-08-17 17:23:58 INFO  AllControlsLogin:33 - Browser selected is - chrome
2025-08-17 17:24:03 INFO  TestListener:24 - Test Method Started inputSimpleControls
2025-08-17 17:24:04 INFO  TestListener:29 - Test Method Success inputSimpleControls
2025-08-17 17:24:04 INFO  AllControlsDashboardTest:33 - Browser selected is - chrome
2025-08-17 17:24:07 INFO  TestListener:24 - Test Method Started Login
2025-08-17 17:24:07 INFO  TestListener:29 - Test Method Success Login
2025-08-17 17:24:10 INFO  TestListener:24 - Test Method Started inputDiffControls
2025-08-17 17:24:14 INFO  TestListener:29 - Test Method Success inputDiffControls
2025-08-17 17:24:15 INFO  TestListener:64 - Test Class Finish Test
2025-08-17 17:25:42 INFO  AllControlsLogin:33 - Browser selected is - chrome
2025-08-17 17:25:44 INFO  TestListener:24 - Test Method Started inputSimpleControls
2025-08-17 17:25:45 INFO  TestListener:29 - Test Method Success inputSimpleControls
2025-08-17 17:25:45 INFO  AllControlsDashboardTest:33 - Browser selected is - chrome
2025-08-17 17:25:47 INFO  TestListener:24 - Test Method Started Login
2025-08-17 17:25:47 INFO  TestListener:29 - Test Method Success Login
2025-08-17 17:25:49 INFO  TestListener:24 - Test Method Started inputDiffControls
2025-08-17 17:25:54 INFO  TestListener:29 - Test Method Success inputDiffControls
2025-08-17 17:25:57 INFO  TestListener:24 - Test Method Started inputDiffControls
2025-08-17 17:26:02 INFO  TestListener:29 - Test Method Success inputDiffControls
2025-08-17 17:26:06 INFO  TestListener:24 - Test Method Started inputDiffControls
2025-08-17 17:26:11 INFO  TestListener:29 - Test Method Success inputDiffControls
2025-08-17 17:26:12 INFO  TestListener:64 - Test Class Finish Test
2025-08-17 17:26:34 INFO  TestListener:24 - Test Method Started onionToolWebTitle
2025-08-17 17:26:34 WARN  TestListener:60 - Test Method Skipped onionToolWebTitle
2025-08-17 17:26:34 INFO  TestListener:24 - Test Method Started forgotPasswordLinkExists
2025-08-17 17:26:34 WARN  TestListener:60 - Test Method Skipped forgotPasswordLinkExists
2025-08-17 17:26:34 INFO  TestListener:24 - Test Method Started userLoginTest
2025-08-17 17:26:34 WARN  TestListener:60 - Test Method Skipped userLoginTest
2025-08-17 17:26:34 INFO  AllControlsLogin:33 - Browser selected is - chrome
2025-08-17 17:26:38 INFO  TestListener:24 - Test Method Started inputSimpleControls
2025-08-17 17:26:39 INFO  TestListener:29 - Test Method Success inputSimpleControls
2025-08-17 17:26:39 INFO  AllControlsDashboardTest:33 - Browser selected is - chrome
2025-08-17 17:26:42 INFO  TestListener:24 - Test Method Started Login
2025-08-17 17:26:44 INFO  TestListener:29 - Test Method Success Login
2025-08-17 17:26:48 INFO  TestListener:24 - Test Method Started inputDiffControls
2025-08-17 17:26:52 ERROR TestListener:34 - Test Method Failure inputDiffControls
2025-08-17 17:26:56 INFO  TestListener:24 - Test Method Started inputDiffControls
2025-08-17 17:27:01 INFO  TestListener:29 - Test Method Success inputDiffControls
2025-08-17 17:27:04 INFO  TestListener:24 - Test Method Started inputDiffControls
2025-08-17 17:27:11 INFO  TestListener:29 - Test Method Success inputDiffControls
2025-08-17 17:27:11 INFO  TestListener:64 - Test Class Finish Test
2025-08-17 17:34:07 INFO  LoginTest:33 - Browser selected is - chrome
2025-08-17 17:34:15 INFO  TestListener:24 - Test Method Started onionToolWebTitle
2025-08-17 17:34:15 INFO  TestListener:29 - Test Method Success onionToolWebTitle
2025-08-17 17:34:23 INFO  TestListener:24 - Test Method Started forgotPasswordLinkExists
2025-08-17 17:34:23 INFO  TestListener:29 - Test Method Success forgotPasswordLinkExists
2025-08-17 17:34:30 INFO  TestListener:24 - Test Method Started userLoginTest
2025-08-17 17:34:35 INFO  TestListener:29 - Test Method Success userLoginTest
2025-08-17 17:34:35 INFO  AllControlsLogin:33 - Browser selected is - chrome
2025-08-17 17:34:38 INFO  TestListener:24 - Test Method Started inputSimpleControls
2025-08-17 17:34:38 INFO  TestListener:29 - Test Method Success inputSimpleControls
2025-08-17 17:34:39 INFO  AllControlsDashboardTest:33 - Browser selected is - chrome
2025-08-17 17:34:41 INFO  TestListener:24 - Test Method Started Login
2025-08-17 17:34:42 INFO  TestListener:29 - Test Method Success Login
2025-08-17 17:34:44 INFO  TestListener:24 - Test Method Started inputDiffControls
2025-08-17 17:34:48 WARN  TestListener:60 - Test Method Skipped inputDiffControls
2025-08-17 17:34:50 INFO  TestListener:24 - Test Method Started inputDiffControls
2025-08-17 17:34:53 INFO  TestListener:29 - Test Method Success inputDiffControls
2025-08-17 17:34:56 INFO  TestListener:24 - Test Method Started inputDiffControls
2025-08-17 17:34:59 ERROR TestListener:34 - Test Method Failure inputDiffControls
2025-08-17 17:35:02 INFO  TestListener:24 - Test Method Started inputDiffControls
2025-08-17 17:35:24 ERROR TestListener:34 - Test Method Failure inputDiffControls
2025-08-17 17:35:25 INFO  TestListener:64 - Test Class Finish Test
2025-08-17 18:40:15 INFO  LoginTest:33 - Browser selected is - chrome
2025-08-17 18:40:30 INFO  TestListener:24 - Test Method Started onionToolWebTitle
2025-08-17 18:40:30 INFO  TestListener:29 - Test Method Success onionToolWebTitle
2025-08-17 18:40:42 INFO  TestListener:24 - Test Method Started forgotPasswordLinkExists
2025-08-17 18:40:42 INFO  TestListener:29 - Test Method Success forgotPasswordLinkExists
2025-08-17 18:40:50 INFO  TestListener:24 - Test Method Started userLoginTest
2025-08-17 18:40:53 INFO  TestListener:29 - Test Method Success userLoginTest
2025-08-17 18:40:54 INFO  AllControlsLogin:33 - Browser selected is - chrome
2025-08-17 18:40:56 INFO  TestListener:24 - Test Method Started inputSimpleControls
2025-08-17 18:40:57 INFO  TestListener:29 - Test Method Success inputSimpleControls
2025-08-17 18:40:57 INFO  AllControlsDashboardTest:33 - Browser selected is - chrome
2025-08-17 18:41:00 INFO  TestListener:24 - Test Method Started Login
2025-08-17 18:41:01 INFO  TestListener:29 - Test Method Success Login
2025-08-17 18:41:05 INFO  TestListener:24 - Test Method Started inputDiffControls
2025-08-17 18:41:09 INFO  TestListener:29 - Test Method Success inputDiffControls
2025-08-17 18:41:12 INFO  TestListener:24 - Test Method Started inputDiffControls
2025-08-17 18:41:15 INFO  TestListener:29 - Test Method Success inputDiffControls
2025-08-17 18:41:18 INFO  TestListener:24 - Test Method Started inputDiffControls
2025-08-17 18:41:21 INFO  TestListener:29 - Test Method Success inputDiffControls
2025-08-17 18:41:22 INFO  TestListener:64 - Test Class Finish Test
