2025-08-15 21:20:39 ERROR TestListner:36 - Test Method Failure userLogin
2025-08-15 21:21:53 ERROR TestListner:36 - Test Method Failure userLogin
2025-08-15 21:25:07 ERROR TestListner:36 - Test Method Failure userLogin
2025-08-16 00:02:40 ERROR TestListner:36 - Test Method Failure userLogin
2025-08-16 00:06:22 ERROR TestListner:36 - Test Method Failure userLogin
2025-08-16 00:07:37 ERROR TestListner:36 - Test Method Failure userLogin
2025-08-16 00:08:27 ERROR TestListner:36 - Test Method Failure userLogin
2025-08-16 00:09:59 ERROR TestListner:36 - Test Method Failure userLogin
2025-08-16 00:23:08 ERROR TestListner:36 - Test Method Failure userLogin
2025-08-16 00:23:08 ERROR TestListner:46 - ExtentTest not found for null
2025-08-16 00:23:08 ERROR TestListner:36 - Test Method Failure userLogin
2025-08-16 00:24:27 ERROR TestListner:36 - Test Method Failure userLogin
2025-08-16 00:24:53 ERROR TestListner:46 - ExtentTest not found for null
2025-08-16 00:25:24 ERROR TestListner:36 - Test Method Failure userLogin
2025-08-16 09:16:57 ERROR TestListener:34 - Test Method Failure userLogin
2025-08-16 09:16:59 ERROR TestListener:51 - ExtentTest not found for null
2025-08-16 09:17:05 ERROR TestListener:34 - Test Method Failure userLogin
2025-08-16 09:19:51 ERROR TestListener:34 - Test Method Failure userLogin
2025-08-16 09:22:14 ERROR TestListener:34 - Test Method Failure userLogin
2025-08-16 09:28:18 ERROR TestListener:34 - Test Method Failure userLogin
2025-08-16 09:34:22 ERROR TestListener:34 - Test Method Failure userLogin
2025-08-16 15:40:07 ERROR TestListener:34 - Test Method Failure forgotPasswordLinkExists
2025-08-16 15:41:20 ERROR TestListener:34 - Test Method Failure forgotPasswordLinkExists
2025-08-16 15:41:20 ERROR TestListener:34 - Test Method Failure forgotPasswordLinkExists
2025-08-16 19:17:00 ERROR TestListener:34 - Test Method Failure onionToolWebTitle
2025-08-16 19:17:16 ERROR TestListener:34 - Test Method Failure forgotPasswordLinkExists
2025-08-16 19:17:37 ERROR TestListener:34 - Test Method Failure userLoginTest
2025-08-16 19:23:52 ERROR TestListener:34 - Test Method Failure onionToolWebTitle
2025-08-16 19:24:26 ERROR TestListener:34 - Test Method Failure forgotPasswordLinkExists
2025-08-16 19:25:22 ERROR TestListener:34 - Test Method Failure userLoginTest
2025-08-16 19:57:17 ERROR TestListener:34 - Test Method Failure onionToolWebTitle
2025-08-16 19:57:22 ERROR TestListener:34 - Test Method Failure forgotPasswordLinkExists
2025-08-16 19:57:27 ERROR TestListener:34 - Test Method Failure userLoginTest
2025-08-16 20:02:48 ERROR TestListener:34 - Test Method Failure onionToolWebTitle
2025-08-16 20:02:48 ERROR TestListener:34 - Test Method Failure onionToolWebTitle
2025-08-16 20:06:36 ERROR TestListener:34 - Test Method Failure forgotPasswordLinkExists
2025-08-16 20:06:36 ERROR TestListener:34 - Test Method Failure forgotPasswordLinkExists
2025-08-16 20:10:08 ERROR TestListener:34 - Test Method Failure onionToolWebTitle
2025-08-16 20:10:08 ERROR TestListener:34 - Test Method Failure onionToolWebTitle
2025-08-17 14:57:56 ERROR TestListener:34 - Test Method Failure inputDiffControls
2025-08-17 15:41:54 ERROR TestListener:34 - Test Method Failure inputDiffControls
2025-08-17 15:42:23 ERROR TestListener:34 - Test Method Failure inputDiffControls
2025-08-17 15:49:00 ERROR TestListener:34 - Test Method Failure inputDiffControls
2025-08-17 15:50:42 ERROR TestListener:34 - Test Method Failure inputDiffControls
2025-08-17 15:52:30 ERROR TestListener:34 - Test Method Failure inputDiffControls
2025-08-17 16:10:35 ERROR TestListener:34 - Test Method Failure inputDiffControls
2025-08-17 16:48:35 ERROR TestListener:34 - Test Method Failure inputDiffControls
2025-08-17 16:49:45 ERROR TestListener:34 - Test Method Failure inputDiffControls
2025-08-17 17:19:38 ERROR TestListener:34 - Test Method Failure inputDiffControls
2025-08-17 17:26:52 ERROR TestListener:34 - Test Method Failure inputDiffControls
2025-08-17 17:34:59 ERROR TestListener:34 - Test Method Failure inputDiffControls
2025-08-17 17:35:24 ERROR TestListener:34 - Test Method Failure inputDiffControls
